<?xml version="1.0" encoding="UTF-8"?>
<!-- Generated by org.testng.reporters.JUnitReportReporter -->
<testsuite hostname="NISANTH" failures="0" tests="1" name="com.trello.qspiders.frames.HandlingIndividualFramesTest" time="54.590" errors="0" timestamp="2023-04-06T15:19:08 IST" skipped="0">
  <testcase classname="com.trello.qspiders.frames.HandlingIndividualFramesTest" name="individualFramesTest" time="54.590"/>
  <system-out>
    <![CDATA[pass]]>
  </system-out>
</testsuite> <!-- com.trello.qspiders.frames.HandlingIndividualFramesTest -->
