<?xml version="1.0" encoding="UTF-8"?>
<!-- Generated by org.testng.reporters.JUnitReportReporter -->
<testsuite hostname="NISANTH" failures="0" tests="1" name="com.trello.qspiders.frames.TravelBackParent" time="28.839" errors="0" timestamp="2023-04-06T15:19:08 IST" skipped="0">
  <testcase classname="com.trello.qspiders.frames.TravelBackParent" name="travelBackToParent" time="28.839"/>
  <system-out>
    <![CDATA[You can use the height and width attributes to specify the size of the iframe:
This page is displayed in an iframe
You can use the height and width attributes to specify the size of the iframe:]]>
  </system-out>
</testsuite> <!-- com.trello.qspiders.frames.TravelBackParent -->
